build/app/intermediates/manifest_merge_blame_file/release/manifest-merger-blame-release-report.txt
1<?xml version="1.0" encoding="utf-8"?>
2<manifest xmlns:android="http://schemas.android.com/apk/res/android"
3    package="com.example.chara"
4    android:versionCode="1"
5    android:versionName="1.0" >
6
7    <uses-sdk
8        android:minSdkVersion="21"
8-->src\main\AndroidManifest.xml
9        android:targetSdkVersion="34" />
9-->src\main\AndroidManifest.xml
10
11    <uses-permission android:name="android.permission.QUERY_ALL_PACKAGES" />
11-->src\main\AndroidManifest.xml:2:1-73
11-->src\main\AndroidManifest.xml:2:18-70
12    <uses-permission android:name="android.permission.INTERNET" />
12-->src\main\AndroidManifest.xml:37:5-67
12-->src\main\AndroidManifest.xml:37:22-64
13    <!--
14         Required to query activities that can process text, see:
15         https://developer.android.com/training/package-visibility and
16         https://developer.android.com/reference/android/content/Intent#ACTION_PROCESS_TEXT.
17
18         In particular, this is used by the Flutter engine in io.flutter.plugin.text.ProcessTextPlugin.
19    -->
20    <queries>
20-->src\main\AndroidManifest.xml:43:5-48:15
21        <intent>
21-->src\main\AndroidManifest.xml:44:9-47:18
22            <action android:name="android.intent.action.PROCESS_TEXT" />
22-->src\main\AndroidManifest.xml:45:13-72
22-->src\main\AndroidManifest.xml:45:21-70
23
24            <data android:mimeType="text/plain" />
24-->src\main\AndroidManifest.xml:46:13-50
24-->src\main\AndroidManifest.xml:46:19-48
25        </intent>
26        <intent>
26-->[:file_picker] AndroidManifest.xml:14:9-18:18
27            <action android:name="android.intent.action.GET_CONTENT" />
27-->[:file_picker] AndroidManifest.xml:15:13-72
27-->[:file_picker] AndroidManifest.xml:15:21-69
28
29            <data android:mimeType="*/*" />
29-->src\main\AndroidManifest.xml:46:13-50
29-->src\main\AndroidManifest.xml:46:19-48
30        </intent>
31    </queries>
32
33    <uses-permission
33-->[:file_picker] AndroidManifest.xml:9:5-11:38
34        android:name="android.permission.READ_EXTERNAL_STORAGE"
34-->[:file_picker] AndroidManifest.xml:10:9-64
35        android:maxSdkVersion="32" />
35-->[:file_picker] AndroidManifest.xml:11:9-35
36    <uses-permission android:name="android.permission.ACCESS_NETWORK_STATE" />
36-->[androidx.media3:media3-common:1.4.0] AndroidManifest.xml:22:5-79
36-->[androidx.media3:media3-common:1.4.0] AndroidManifest.xml:22:22-76
37
38    <permission
38-->[androidx.core:core:1.13.1] AndroidManifest.xml:22:5-24:47
39        android:name="com.example.chara.DYNAMIC_RECEIVER_NOT_EXPORTED_PERMISSION"
39-->[androidx.core:core:1.13.1] AndroidManifest.xml:23:9-81
40        android:protectionLevel="signature" />
40-->[androidx.core:core:1.13.1] AndroidManifest.xml:24:9-44
41
42    <uses-permission android:name="com.example.chara.DYNAMIC_RECEIVER_NOT_EXPORTED_PERMISSION" />
42-->[androidx.core:core:1.13.1] AndroidManifest.xml:26:5-97
42-->[androidx.core:core:1.13.1] AndroidManifest.xml:26:22-94
43
44    <application
45        android:name="android.app.Application"
45-->src\main\AndroidManifest.xml:5:9-42
46        android:appComponentFactory="androidx.core.app.CoreComponentFactory"
46-->[androidx.core:core:1.13.1] AndroidManifest.xml:28:18-86
47        android:icon="@mipmap/ic_launcher"
47-->src\main\AndroidManifest.xml:6:9-43
48        android:label="chara" >
48-->src\main\AndroidManifest.xml:4:9-30
49        <activity
49-->src\main\AndroidManifest.xml:7:9-30:20
50            android:name="com.example.chara.MainActivity"
50-->src\main\AndroidManifest.xml:9:13-41
51            android:configChanges="orientation|keyboardHidden|keyboard|screenSize|smallestScreenSize|locale|layoutDirection|fontScale|screenLayout|density|uiMode"
51-->src\main\AndroidManifest.xml:14:13-163
52            android:exported="true"
52-->src\main\AndroidManifest.xml:10:13-36
53            android:hardwareAccelerated="true"
53-->src\main\AndroidManifest.xml:15:13-47
54            android:launchMode="singleTop"
54-->src\main\AndroidManifest.xml:11:13-43
55            android:taskAffinity=""
55-->src\main\AndroidManifest.xml:12:13-36
56            android:theme="@style/LaunchTheme"
56-->src\main\AndroidManifest.xml:13:13-47
57            android:windowSoftInputMode="adjustResize" >
57-->src\main\AndroidManifest.xml:16:13-55
58
59            <!--
60                 Specifies an Android theme to apply to this Activity as soon as
61                 the Android process has started. This theme is visible to the user
62                 while the Flutter UI initializes. After that, this theme continues
63                 to determine the Window background behind the Flutter UI.
64            -->
65            <meta-data
65-->src\main\AndroidManifest.xml:22:13-25:17
66                android:name="io.flutter.embedding.android.NormalTheme"
66-->src\main\AndroidManifest.xml:23:15-70
67                android:resource="@style/NormalTheme" />
67-->src\main\AndroidManifest.xml:24:15-52
68
69            <intent-filter>
69-->src\main\AndroidManifest.xml:26:13-29:29
70                <action android:name="android.intent.action.MAIN" />
70-->src\main\AndroidManifest.xml:27:17-68
70-->src\main\AndroidManifest.xml:27:25-66
71
72                <category android:name="android.intent.category.LAUNCHER" />
72-->src\main\AndroidManifest.xml:28:17-76
72-->src\main\AndroidManifest.xml:28:27-74
73            </intent-filter>
74        </activity>
75        <!--
76             Don't delete the meta-data below.
77             This is used by the Flutter tool to generate GeneratedPluginRegistrant.java
78        -->
79        <meta-data
79-->src\main\AndroidManifest.xml:33:9-35:33
80            android:name="flutterEmbedding"
80-->src\main\AndroidManifest.xml:34:13-44
81            android:value="2" />
81-->src\main\AndroidManifest.xml:35:13-30
82
83        <activity
83-->[:url_launcher_android] AndroidManifest.xml:10:9-13:74
84            android:name="io.flutter.plugins.urllauncher.WebViewActivity"
84-->[:url_launcher_android] AndroidManifest.xml:11:13-74
85            android:exported="false"
85-->[:url_launcher_android] AndroidManifest.xml:12:13-37
86            android:theme="@android:style/Theme.NoTitleBar.Fullscreen" />
86-->[:url_launcher_android] AndroidManifest.xml:13:13-71
87
88        <uses-library
88-->[androidx.window:window:1.2.0] AndroidManifest.xml:23:9-25:40
89            android:name="androidx.window.extensions"
89-->[androidx.window:window:1.2.0] AndroidManifest.xml:24:13-54
90            android:required="false" />
90-->[androidx.window:window:1.2.0] AndroidManifest.xml:25:13-37
91        <uses-library
91-->[androidx.window:window:1.2.0] AndroidManifest.xml:26:9-28:40
92            android:name="androidx.window.sidecar"
92-->[androidx.window:window:1.2.0] AndroidManifest.xml:27:13-51
93            android:required="false" />
93-->[androidx.window:window:1.2.0] AndroidManifest.xml:28:13-37
94
95        <provider
95-->[androidx.lifecycle:lifecycle-process:2.7.0] AndroidManifest.xml:24:9-32:20
96            android:name="androidx.startup.InitializationProvider"
96-->[androidx.lifecycle:lifecycle-process:2.7.0] AndroidManifest.xml:25:13-67
97            android:authorities="com.example.chara.androidx-startup"
97-->[androidx.lifecycle:lifecycle-process:2.7.0] AndroidManifest.xml:26:13-68
98            android:exported="false" >
98-->[androidx.lifecycle:lifecycle-process:2.7.0] AndroidManifest.xml:27:13-37
99            <meta-data
99-->[androidx.lifecycle:lifecycle-process:2.7.0] AndroidManifest.xml:29:13-31:52
100                android:name="androidx.lifecycle.ProcessLifecycleInitializer"
100-->[androidx.lifecycle:lifecycle-process:2.7.0] AndroidManifest.xml:30:17-78
101                android:value="androidx.startup" />
101-->[androidx.lifecycle:lifecycle-process:2.7.0] AndroidManifest.xml:31:17-49
102            <meta-data
102-->[androidx.profileinstaller:profileinstaller:1.3.1] AndroidManifest.xml:29:13-31:52
103                android:name="androidx.profileinstaller.ProfileInstallerInitializer"
103-->[androidx.profileinstaller:profileinstaller:1.3.1] AndroidManifest.xml:30:17-85
104                android:value="androidx.startup" />
104-->[androidx.profileinstaller:profileinstaller:1.3.1] AndroidManifest.xml:31:17-49
105        </provider>
106
107        <receiver
107-->[androidx.profileinstaller:profileinstaller:1.3.1] AndroidManifest.xml:34:9-52:20
108            android:name="androidx.profileinstaller.ProfileInstallReceiver"
108-->[androidx.profileinstaller:profileinstaller:1.3.1] AndroidManifest.xml:35:13-76
109            android:directBootAware="false"
109-->[androidx.profileinstaller:profileinstaller:1.3.1] AndroidManifest.xml:36:13-44
110            android:enabled="true"
110-->[androidx.profileinstaller:profileinstaller:1.3.1] AndroidManifest.xml:37:13-35
111            android:exported="true"
111-->[androidx.profileinstaller:profileinstaller:1.3.1] AndroidManifest.xml:38:13-36
112            android:permission="android.permission.DUMP" >
112-->[androidx.profileinstaller:profileinstaller:1.3.1] AndroidManifest.xml:39:13-57
113            <intent-filter>
113-->[androidx.profileinstaller:profileinstaller:1.3.1] AndroidManifest.xml:40:13-42:29
114                <action android:name="androidx.profileinstaller.action.INSTALL_PROFILE" />
114-->[androidx.profileinstaller:profileinstaller:1.3.1] AndroidManifest.xml:41:17-91
114-->[androidx.profileinstaller:profileinstaller:1.3.1] AndroidManifest.xml:41:25-88
115            </intent-filter>
116            <intent-filter>
116-->[androidx.profileinstaller:profileinstaller:1.3.1] AndroidManifest.xml:43:13-45:29
117                <action android:name="androidx.profileinstaller.action.SKIP_FILE" />
117-->[androidx.profileinstaller:profileinstaller:1.3.1] AndroidManifest.xml:44:17-85
117-->[androidx.profileinstaller:profileinstaller:1.3.1] AndroidManifest.xml:44:25-82
118            </intent-filter>
119            <intent-filter>
119-->[androidx.profileinstaller:profileinstaller:1.3.1] AndroidManifest.xml:46:13-48:29
120                <action android:name="androidx.profileinstaller.action.SAVE_PROFILE" />
120-->[androidx.profileinstaller:profileinstaller:1.3.1] AndroidManifest.xml:47:17-88
120-->[androidx.profileinstaller:profileinstaller:1.3.1] AndroidManifest.xml:47:25-85
121            </intent-filter>
122            <intent-filter>
122-->[androidx.profileinstaller:profileinstaller:1.3.1] AndroidManifest.xml:49:13-51:29
123                <action android:name="androidx.profileinstaller.action.BENCHMARK_OPERATION" />
123-->[androidx.profileinstaller:profileinstaller:1.3.1] AndroidManifest.xml:50:17-95
123-->[androidx.profileinstaller:profileinstaller:1.3.1] AndroidManifest.xml:50:25-92
124            </intent-filter>
125        </receiver>
126    </application>
127
128</manifest>